[2025-04-07 22:18:39] User ID: 1
[2025-04-07 22:18:39] Conexão com o banco de dados bem-sucedida
[2025-04-07 22:18:39] Action: get
[2025-04-07 22:18:39] Itens favoritos: []
[2025-04-07 22:21:37] User ID: 1
[2025-04-07 22:21:37] Conexão com o banco de dados bem-sucedida
[2025-04-07 22:21:37] Action: get
[2025-04-07 22:21:37] Itens favoritos: [{"id":31,"user_id":1,"product_id":31,"created_at":"2025-04-07 17:20:49","name":"ITConnect","price":85,"image":"1743202956_bonsai_rock_milky_5120x3413_21130.jpg"}]
[2025-04-07 22:21:44] User ID: 1
[2025-04-07 22:21:44] Conexão com o banco de dados bem-sucedida
[2025-04-07 22:21:44] Action: get
[2025-04-07 22:21:44] Itens favoritos: [{"id":31,"user_id":1,"product_id":31,"created_at":"2025-04-07 17:20:49","name":"ITConnect","price":85,"image":"1743202956_bonsai_rock_milky_5120x3413_21130.jpg"}]
[2025-04-07 22:22:02] User ID: 1
[2025-04-07 22:22:02] Conexão com o banco de dados bem-sucedida
[2025-04-07 22:22:02] Action: get
[2025-04-07 22:22:02] Itens favoritos: [{"id":31,"user_id":1,"product_id":31,"created_at":"2025-04-07 17:20:49","name":"ITConnect","price":85,"image":"1743202956_bonsai_rock_milky_5120x3413_21130.jpg"}]
[2025-04-07 22:23:06] User ID: 1
[2025-04-07 22:23:06] Conexão com o banco de dados bem-sucedida
[2025-04-07 22:23:06] Action: get
[2025-04-07 22:23:06] Itens favoritos: [{"id":31,"user_id":1,"product_id":31,"created_at":"2025-04-07 17:20:49","name":"ITConnect","price":85,"image":"1743202956_bonsai_rock_milky_5120x3413_21130.jpg"}]
[2025-04-07 23:00:54] User ID: 1
[2025-04-07 23:00:54] Erro na conexão com o banco de dados: SQLSTATE[HY000] [1045] Access denied for user ''@'localhost' (using password: NO)
[2025-04-07 23:01:06] User ID: 1
[2025-04-07 23:01:06] Erro na conexão com o banco de dados: SQLSTATE[HY000] [1045] Access denied for user ''@'localhost' (using password: NO)
[2025-04-07 23:01:24] User ID: 1
[2025-04-07 23:01:24] Erro na conexão com o banco de dados: SQLSTATE[HY000] [1045] Access denied for user ''@'localhost' (using password: NO)
[2025-04-07 23:09:52] User ID: 1
[2025-04-07 23:09:52] Conexão com o banco de dados bem-sucedida
[2025-04-07 23:09:52] Action: get
[2025-04-07 23:11:04] User ID: 1
[2025-04-07 23:11:04] Conexão com o banco de dados bem-sucedida
[2025-04-07 23:11:04] Action: get
[2025-04-07 23:11:04] Itens favoritos: [{"id":31,"user_id":1,"product_id":31,"created_at":"2025-04-07 17:20:49","name":"ITConnect","price":85,"image":"1743202956_bonsai_rock_milky_5120x3413_21130.jpg"}]
[2025-04-07 23:11:31] User ID: 1
[2025-04-07 23:11:31] Conexão com o banco de dados bem-sucedida
[2025-04-07 23:11:31] Action: get
[2025-04-07 23:11:31] Itens favoritos: [{"id":31,"user_id":1,"product_id":31,"created_at":"2025-04-07 17:20:49","name":"ITConnect","price":85,"image":"1743202956_bonsai_rock_milky_5120x3413_21130.jpg"}]
[2025-04-07 23:12:55] User ID: 1
[2025-04-07 23:12:55] Conexão com o banco de dados bem-sucedida
[2025-04-07 23:12:55] Action: get
[2025-04-07 23:12:55] Itens favoritos: [{"id":31,"user_id":1,"product_id":31,"created_at":"2025-04-07 17:20:49","name":"ITConnect","price":85,"image":"1743202956_bonsai_rock_milky_5120x3413_21130.jpg"}]
